# JRE version: OpenJDK Runtime Environment (17.0.4.1) (build 17.0.4.1+0-b2043.56-9127311)
# Java VM: OpenJDK 64-Bit Server VM (17.0.4.1+0-b2043.56-9127311, mixed mode, tiered, compressed oops, compressed class ptrs, g1 gc, windows-amd64)
GC Precious Log:
 CPUs: 8 total, 8 available
 Memory: 7103M
 Large Page Support: Disabled
 NUMA Support: Disabled
 Compressed Oops: Enabled (32-bit)
 Heap Region Size: 1M
 Heap Min Capacity: 8M
 Heap Initial Capacity: 112M
 Heap Max Capacity: 2G
 Pre-touch: Disabled
 Parallel Workers: 8
 Concurrent Workers: 2
 Concurrent Refinement Workers: 8
 Periodic GC: Disabled
Heap:
 garbage-first heap   total 237568K, used 171300K [0x0000000080000000, 0x0000000100000000)
  region size 1024K, 72 young (73728K), 2 survivors (2048K)
 Metaspace       used 113450K, committed 114240K, reserved 1155072K
  class space    used 14905K, committed 15296K, reserved 1048576K
GC Heap History (20 events):
Event: 72.730 GC heap before
{Heap before GC invocations=40 (full 0):
 garbage-first heap   total 171008K, used 127308K [0x0000000080000000, 0x0000000100000000)
  region size 1024K, 71 young (72704K), 9 survivors (9216K)
 Metaspace       used 87698K, committed 88256K, reserved 1130496K
  class space    used 11855K, committed 12096K, reserved 1048576K
}
Event: 72.770 GC heap after
{Heap after GC invocations=41 (full 0):
 garbage-first heap   total 171008K, used 70597K [0x0000000080000000, 0x0000000100000000)
  region size 1024K, 9 young (9216K), 9 survivors (9216K)
 Metaspace       used 87698K, committed 88256K, reserved 1130496K
  class space    used 11855K, committed 12096K, reserved 1048576K
}
Event: 74.281 GC heap before
{Heap before GC invocations=41 (full 0):
 garbage-first heap   total 171008K, used 129989K [0x0000000080000000, 0x0000000100000000)
  region size 1024K, 68 young (69632K), 9 survivors (9216K)
 Metaspace       used 91505K, committed 92096K, reserved 1130496K
  class space    used 12392K, committed 12608K, reserved 1048576K
}
Event: 74.307 GC heap after
{Heap after GC invocations=42 (full 0):
 garbage-first heap   total 171008K, used 80279K [0x0000000080000000, 0x0000000100000000)
  region size 1024K, 9 young (9216K), 9 survivors (9216K)
 Metaspace       used 91505K, committed 92096K, reserved 1130496K
  class space    used 12392K, committed 12608K, reserved 1048576K
}
Event: 74.846 GC heap before
{Heap before GC invocations=42 (full 0):
 garbage-first heap   total 171008K, used 132503K [0x0000000080000000, 0x0000000100000000)
  region size 1024K, 61 young (62464K), 9 survivors (9216K)
 Metaspace       used 91976K, committed 92608K, reserved 1130496K
  class space    used 12445K, committed 12736K, reserved 1048576K
}
Event: 74.858 GC heap after
{Heap after GC invocations=43 (full 0):
 garbage-first heap   total 237568K, used 85209K [0x0000000080000000, 0x0000000100000000)
  region size 1024K, 5 young (5120K), 5 survivors (5120K)
 Metaspace       used 91976K, committed 92608K, reserved 1130496K
  class space    used 12445K, committed 12736K, reserved 1048576K
}
Event: 78.441 GC heap before
{Heap before GC invocations=44 (full 0):
 garbage-first heap   total 237568K, used 197849K [0x0000000080000000, 0x0000000100000000)
  region size 1024K, 97 young (99328K), 5 survivors (5120K)
 Metaspace       used 99794K, committed 100480K, reserved 1138688K
  class space    used 13446K, committed 13760K, reserved 1048576K
}
Event: 78.453 GC heap after
{Heap after GC invocations=45 (full 0):
 garbage-first heap   total 237568K, used 87193K [0x0000000080000000, 0x0000000100000000)
  region size 1024K, 7 young (7168K), 7 survivors (7168K)
 Metaspace       used 99794K, committed 100480K, reserved 1138688K
  class space    used 13446K, committed 13760K, reserved 1048576K
}
Event: 78.513 GC heap before
{Heap before GC invocations=45 (full 0):
 garbage-first heap   total 237568K, used 91289K [0x0000000080000000, 0x0000000100000000)
  region size 1024K, 11 young (11264K), 7 survivors (7168K)
 Metaspace       used 99851K, committed 100544K, reserved 1138688K
  class space    used 13449K, committed 13760K, reserved 1048576K
}
Event: 78.522 GC heap after
{Heap after GC invocations=46 (full 0):
 garbage-first heap   total 237568K, used 87654K [0x0000000080000000, 0x0000000100000000)
  region size 1024K, 2 young (2048K), 2 survivors (2048K)
 Metaspace       used 99851K, committed 100544K, reserved 1138688K
  class space    used 13449K, committed 13760K, reserved 1048576K
}
Event: 80.500 GC heap before
{Heap before GC invocations=46 (full 0):
 garbage-first heap   total 237568K, used 186982K [0x0000000080000000, 0x0000000100000000)
  region size 1024K, 100 young (102400K), 2 survivors (2048K)
 Metaspace       used 102452K, committed 103168K, reserved 1138688K
  class space    used 13768K, committed 14080K, reserved 1048576K
}
Event: 80.514 GC heap after
{Heap after GC invocations=47 (full 0):
 garbage-first heap   total 237568K, used 94499K [0x0000000080000000, 0x0000000100000000)
  region size 1024K, 8 young (8192K), 8 survivors (8192K)
 Metaspace       used 102452K, committed 103168K, reserved 1138688K
  class space    used 13768K, committed 14080K, reserved 1048576K
}
Event: 85.360 GC heap before
{Heap before GC invocations=47 (full 0):
 garbage-first heap   total 237568K, used 187683K [0x0000000080000000, 0x0000000100000000)
  region size 1024K, 100 young (102400K), 8 survivors (8192K)
 Metaspace       used 106347K, committed 107072K, reserved 1146880K
  class space    used 14266K, committed 14592K, reserved 1048576K
}
Event: 85.381 GC heap after
{Heap after GC invocations=48 (full 0):
 garbage-first heap   total 237568K, used 99762K [0x0000000080000000, 0x0000000100000000)
  region size 1024K, 6 young (6144K), 6 survivors (6144K)
 Metaspace       used 106347K, committed 107072K, reserved 1146880K
  class space    used 14266K, committed 14592K, reserved 1048576K
}
Event: 86.196 GC heap before
{Heap before GC invocations=48 (full 0):
 garbage-first heap   total 237568K, used 128434K [0x0000000080000000, 0x0000000100000000)
  region size 1024K, 36 young (36864K), 6 survivors (6144K)
 Metaspace       used 107809K, committed 108544K, reserved 1146880K
  class space    used 14472K, committed 14848K, reserved 1048576K
}
Event: 86.209 GC heap after
{Heap after GC invocations=49 (full 0):
 garbage-first heap   total 237568K, used 101759K [0x0000000080000000, 0x0000000100000000)
  region size 1024K, 8 young (8192K), 8 survivors (8192K)
 Metaspace       used 107809K, committed 108544K, reserved 1146880K
  class space    used 14472K, committed 14848K, reserved 1048576K
}
Event: 191.853 GC heap before
{Heap before GC invocations=50 (full 0):
 garbage-first heap   total 237568K, used 213375K [0x0000000080000000, 0x0000000100000000)
  region size 1024K, 96 young (98304K), 8 survivors (8192K)
 Metaspace       used 112752K, committed 113472K, reserved 1155072K
  class space    used 14871K, committed 15232K, reserved 1048576K
}
Event: 191.872 GC heap after
{Heap after GC invocations=51 (full 0):
 garbage-first heap   total 237568K, used 102203K [0x0000000080000000, 0x0000000100000000)
  region size 1024K, 3 young (3072K), 3 survivors (3072K)
 Metaspace       used 112752K, committed 113472K, reserved 1155072K
  class space    used 14871K, committed 15232K, reserved 1048576K
}
Event: 488.872 GC heap before
{Heap before GC invocations=51 (full 0):
 garbage-first heap   total 237568K, used 109371K [0x0000000080000000, 0x0000000100000000)
  region size 1024K, 11 young (11264K), 3 survivors (3072K)
 Metaspace       used 112844K, committed 113600K, reserved 1155072K
  class space    used 14871K, committed 15232K, reserved 1048576K
}
Event: 488.878 GC heap after
{Heap after GC invocations=52 (full 0):
 garbage-first heap   total 237568K, used 101668K [0x0000000080000000, 0x0000000100000000)
  region size 1024K, 2 young (2048K), 2 survivors (2048K)
 Metaspace       used 112844K, committed 113600K, reserved 1155072K
  class space    used 14871K, committed 15232K, reserved 1048576K
}

