# JRE version: OpenJDK Runtime Environment (17.0.4.1) (build 17.0.4.1+0-b2043.56-9127311)
# Java VM: OpenJDK 64-Bit Server VM (17.0.4.1+0-b2043.56-9127311, mixed mode, tiered, compressed oops, compressed class ptrs, g1 gc, windows-amd64)
GC Precious Log:
 CPUs: 8 total, 8 available
 Memory: 7103M
 Large Page Support: Disabled
 NUMA Support: Disabled
 Compressed Oops: Enabled (32-bit)
 Heap Region Size: 1M
 Heap Min Capacity: 8M
 Heap Initial Capacity: 112M
 Heap Max Capacity: 2G
 Pre-touch: Disabled
 Parallel Workers: 8
 Concurrent Workers: 2
 Concurrent Refinement Workers: 8
 Periodic GC: Disabled
Heap:
 garbage-first heap   total 460800K, used 379734K [0x0000000080000000, 0x0000000100000000)
  region size 1024K, 68 young (69632K), 3 survivors (3072K)
 Metaspace       used 159416K, committed 160576K, reserved 1187840K
  class space    used 21337K, committed 21888K, reserved 1048576K
GC Heap History (20 events):
Event: 2944.554 GC heap before
{Heap before GC invocations=79 (full 0):
 garbage-first heap   total 295936K, used 267454K [0x0000000080000000, 0x0000000100000000)
  region size 1024K, 13 young (13312K), 2 survivors (2048K)
 Metaspace       used 116667K, committed 117696K, reserved 1155072K
  class space    used 15295K, committed 15808K, reserved 1048576K
}
Event: 2944.562 GC heap after
{Heap after GC invocations=80 (full 0):
 garbage-first heap   total 295936K, used 260485K [0x0000000080000000, 0x0000000100000000)
  region size 1024K, 2 young (2048K), 2 survivors (2048K)
 Metaspace       used 116667K, committed 117696K, reserved 1155072K
  class space    used 15295K, committed 15808K, reserved 1048576K
}
Event: 2945.145 GC heap before
{Heap before GC invocations=81 (full 0):
 garbage-first heap   total 460800K, used 279941K [0x0000000080000000, 0x0000000100000000)
  region size 1024K, 14 young (14336K), 2 survivors (2048K)
 Metaspace       used 116621K, committed 117824K, reserved 1155072K
  class space    used 15265K, committed 15808K, reserved 1048576K
}
Event: 2945.152 GC heap after
{Heap after GC invocations=82 (full 0):
 garbage-first heap   total 460800K, used 262144K [0x0000000080000000, 0x0000000100000000)
  region size 1024K, 2 young (2048K), 2 survivors (2048K)
 Metaspace       used 116621K, committed 117824K, reserved 1155072K
  class space    used 15265K, committed 15808K, reserved 1048576K
}
Event: 2945.769 GC heap before
{Heap before GC invocations=82 (full 0):
 garbage-first heap   total 460800K, used 282624K [0x0000000080000000, 0x0000000100000000)
  region size 1024K, 22 young (22528K), 2 survivors (2048K)
 Metaspace       used 118673K, committed 119680K, reserved 1155072K
  class space    used 15538K, committed 16000K, reserved 1048576K
}
Event: 2945.782 GC heap after
{Heap after GC invocations=83 (full 0):
 garbage-first heap   total 460800K, used 256545K [0x0000000080000000, 0x0000000100000000)
  region size 1024K, 2 young (2048K), 2 survivors (2048K)
 Metaspace       used 118673K, committed 119680K, reserved 1155072K
  class space    used 15538K, committed 16000K, reserved 1048576K
}
Event: 2946.937 GC heap before
{Heap before GC invocations=83 (full 0):
 garbage-first heap   total 460800K, used 357921K [0x0000000080000000, 0x0000000100000000)
  region size 1024K, 85 young (87040K), 2 survivors (2048K)
 Metaspace       used 122222K, committed 123264K, reserved 1163264K
  class space    used 15871K, committed 16384K, reserved 1048576K
}
Event: 2946.950 GC heap after
{Heap after GC invocations=84 (full 0):
 garbage-first heap   total 460800K, used 264419K [0x0000000080000000, 0x0000000100000000)
  region size 1024K, 10 young (10240K), 10 survivors (10240K)
 Metaspace       used 122222K, committed 123264K, reserved 1163264K
  class space    used 15871K, committed 16384K, reserved 1048576K
}
Event: 2947.918 GC heap before
{Heap before GC invocations=84 (full 0):
 garbage-first heap   total 460800K, used 363747K [0x0000000080000000, 0x0000000100000000)
  region size 1024K, 107 young (109568K), 10 survivors (10240K)
 Metaspace       used 124891K, committed 125888K, reserved 1163264K
  class space    used 16169K, committed 16640K, reserved 1048576K
}
Event: 2947.946 GC heap after
{Heap after GC invocations=85 (full 0):
 garbage-first heap   total 460800K, used 271563K [0x0000000080000000, 0x0000000100000000)
  region size 1024K, 11 young (11264K), 11 survivors (11264K)
 Metaspace       used 124891K, committed 125888K, reserved 1163264K
  class space    used 16169K, committed 16640K, reserved 1048576K
}
Event: 2951.787 GC heap before
{Heap before GC invocations=85 (full 0):
 garbage-first heap   total 460800K, used 366795K [0x0000000080000000, 0x0000000100000000)
  region size 1024K, 105 young (107520K), 11 survivors (11264K)
 Metaspace       used 130173K, committed 131200K, reserved 1163264K
  class space    used 16860K, committed 17344K, reserved 1048576K
}
Event: 2951.805 GC heap after
{Heap after GC invocations=86 (full 0):
 garbage-first heap   total 460800K, used 277081K [0x0000000080000000, 0x0000000100000000)
  region size 1024K, 11 young (11264K), 11 survivors (11264K)
 Metaspace       used 130173K, committed 131200K, reserved 1163264K
  class space    used 16860K, committed 17344K, reserved 1048576K
}
Event: 2956.119 GC heap before
{Heap before GC invocations=86 (full 0):
 garbage-first heap   total 460800K, used 370265K [0x0000000080000000, 0x0000000100000000)
  region size 1024K, 103 young (105472K), 11 survivors (11264K)
 Metaspace       used 131662K, committed 132736K, reserved 1171456K
  class space    used 17054K, committed 17536K, reserved 1048576K
}
Event: 2956.131 GC heap after
{Heap after GC invocations=87 (full 0):
 garbage-first heap   total 460800K, used 278597K [0x0000000080000000, 0x0000000100000000)
  region size 1024K, 5 young (5120K), 5 survivors (5120K)
 Metaspace       used 131662K, committed 132736K, reserved 1171456K
  class space    used 17054K, committed 17536K, reserved 1048576K
}
Event: 2959.505 GC heap before
{Heap before GC invocations=87 (full 0):
 garbage-first heap   total 460800K, used 380997K [0x0000000080000000, 0x0000000100000000)
  region size 1024K, 102 young (104448K), 5 survivors (5120K)
 Metaspace       used 141335K, committed 142400K, reserved 1179648K
  class space    used 18242K, committed 18688K, reserved 1048576K
}
Event: 2959.515 GC heap after
{Heap after GC invocations=88 (full 0):
 garbage-first heap   total 460800K, used 282629K [0x0000000080000000, 0x0000000100000000)
  region size 1024K, 7 young (7168K), 7 survivors (7168K)
 Metaspace       used 141335K, committed 142400K, reserved 1179648K
  class space    used 18242K, committed 18688K, reserved 1048576K
}
Event: 2961.128 GC heap before
{Heap before GC invocations=88 (full 0):
 garbage-first heap   total 460800K, used 381957K [0x0000000080000000, 0x0000000100000000)
  region size 1024K, 105 young (107520K), 7 survivors (7168K)
 Metaspace       used 153748K, committed 154880K, reserved 1187840K
  class space    used 20453K, committed 20992K, reserved 1048576K
}
Event: 2961.150 GC heap after
{Heap after GC invocations=89 (full 0):
 garbage-first heap   total 460800K, used 291880K [0x0000000080000000, 0x0000000100000000)
  region size 1024K, 14 young (14336K), 14 survivors (14336K)
 Metaspace       used 153748K, committed 154880K, reserved 1187840K
  class space    used 20453K, committed 20992K, reserved 1048576K
}
Event: 2962.943 GC heap before
{Heap before GC invocations=89 (full 0):
 garbage-first heap   total 460800K, used 384040K [0x0000000080000000, 0x0000000100000000)
  region size 1024K, 103 young (105472K), 14 survivors (14336K)
 Metaspace       used 158743K, committed 159936K, reserved 1187840K
  class space    used 21252K, committed 21824K, reserved 1048576K
}
Event: 2962.957 GC heap after
{Heap after GC invocations=90 (full 0):
 garbage-first heap   total 460800K, used 290646K [0x0000000080000000, 0x0000000100000000)
  region size 1024K, 3 young (3072K), 3 survivors (3072K)
 Metaspace       used 158743K, committed 159936K, reserved 1187840K
  class space    used 21252K, committed 21824K, reserved 1048576K
}

